09-Jun-2025 15:58:16.629 INFO [main] org.apache.catalina.startup.VersionLoggerListener.log Nombre de la versión del servidor: Apache Tomcat/8.5.99
09-Jun-2025 15:58:16.630 INFO [main] org.apache.catalina.startup.VersionLoggerListener.log Server built:                      Feb 14 2024 22:52:13 UTC
09-Jun-2025 15:58:16.630 INFO [main] org.apache.catalina.startup.VersionLoggerListener.log Número de versión de servidor:     8.5.99.0
09-Jun-2025 15:58:16.631 INFO [main] org.apache.catalina.startup.VersionLoggerListener.log OS Name:                           Mac OS X
09-Jun-2025 15:58:16.631 INFO [main] org.apache.catalina.startup.VersionLoggerListener.log Versión de Systema Operativo:      15.5
09-Jun-2025 15:58:16.631 INFO [main] org.apache.catalina.startup.VersionLoggerListener.log Arquitectura:                      aarch64
09-Jun-2025 15:58:16.631 INFO [main] org.apache.catalina.startup.VersionLoggerListener.log Java Home:                         /Library/Java/JavaVirtualMachines/jdk-23.jdk/Contents/Home
09-Jun-2025 15:58:16.631 INFO [main] org.apache.catalina.startup.VersionLoggerListener.log JVM Version:                       23.0.2+7-58
09-Jun-2025 15:58:16.631 INFO [main] org.apache.catalina.startup.VersionLoggerListener.log Vededor JVM:                       Oracle Corporation
09-Jun-2025 15:58:16.631 INFO [main] org.apache.catalina.startup.VersionLoggerListener.log CATALINA_BASE:                     /Users/daniv/Desktop/DaniStore/apache-tomcat-8.5.99
09-Jun-2025 15:58:16.631 INFO [main] org.apache.catalina.startup.VersionLoggerListener.log CATALINA_HOME:                     /Users/daniv/Desktop/DaniStore/apache-tomcat-8.5.99
09-Jun-2025 15:58:16.633 INFO [main] org.apache.catalina.startup.VersionLoggerListener.log Command line argument:             --add-opens=java.base/java.lang=ALL-UNNAMED
09-Jun-2025 15:58:16.633 INFO [main] org.apache.catalina.startup.VersionLoggerListener.log Command line argument:             --add-opens=java.base/java.io=ALL-UNNAMED
09-Jun-2025 15:58:16.633 INFO [main] org.apache.catalina.startup.VersionLoggerListener.log Command line argument:             --add-opens=java.base/java.util=ALL-UNNAMED
09-Jun-2025 15:58:16.633 INFO [main] org.apache.catalina.startup.VersionLoggerListener.log Command line argument:             --add-opens=java.base/java.util.concurrent=ALL-UNNAMED
09-Jun-2025 15:58:16.634 INFO [main] org.apache.catalina.startup.VersionLoggerListener.log Command line argument:             --add-opens=java.rmi/sun.rmi.transport=ALL-UNNAMED
09-Jun-2025 15:58:16.634 INFO [main] org.apache.catalina.startup.VersionLoggerListener.log Command line argument:             -Djava.util.logging.config.file=/Users/daniv/Desktop/DaniStore/apache-tomcat-8.5.99/conf/logging.properties
09-Jun-2025 15:58:16.634 INFO [main] org.apache.catalina.startup.VersionLoggerListener.log Command line argument:             -Djava.util.logging.manager=org.apache.juli.ClassLoaderLogManager
09-Jun-2025 15:58:16.634 INFO [main] org.apache.catalina.startup.VersionLoggerListener.log Command line argument:             -Djdk.tls.ephemeralDHKeySize=2048
09-Jun-2025 15:58:16.634 INFO [main] org.apache.catalina.startup.VersionLoggerListener.log Command line argument:             -Djava.protocol.handler.pkgs=org.apache.catalina.webresources
09-Jun-2025 15:58:16.634 INFO [main] org.apache.catalina.startup.VersionLoggerListener.log Command line argument:             -Dorg.apache.catalina.security.SecurityListener.UMASK=0027
09-Jun-2025 15:58:16.634 INFO [main] org.apache.catalina.startup.VersionLoggerListener.log Command line argument:             -Dignore.endorsed.dirs=
09-Jun-2025 15:58:16.634 INFO [main] org.apache.catalina.startup.VersionLoggerListener.log Command line argument:             -Dcatalina.base=/Users/daniv/Desktop/DaniStore/apache-tomcat-8.5.99
09-Jun-2025 15:58:16.634 INFO [main] org.apache.catalina.startup.VersionLoggerListener.log Command line argument:             -Dcatalina.home=/Users/daniv/Desktop/DaniStore/apache-tomcat-8.5.99
09-Jun-2025 15:58:16.634 INFO [main] org.apache.catalina.startup.VersionLoggerListener.log Command line argument:             -Djava.io.tmpdir=/Users/daniv/Desktop/DaniStore/apache-tomcat-8.5.99/temp
09-Jun-2025 15:58:16.634 INFO [main] org.apache.catalina.core.AprLifecycleListener.lifecycleEvent La biblioteca nativa de Apache Tomcat basada en ARP que permite un rendimiento óptimo en entornos de desarrollo no ha sido hallada en java.library.path: [/Users/daniv/Library/Java/Extensions:/Library/Java/Extensions:/Network/Library/Java/Extensions:/System/Library/Java/Extensions:/usr/lib/java:.]
09-Jun-2025 15:58:16.650 INFO [main] org.apache.coyote.AbstractProtocol.init Inicializando el manejador de protocolo ["http-nio-8080"]

09-Jun-2025 15:58:16.661 INFO [main] org.apache.catalina.startup.Catalina.load Initialization processed in 213 ms
09-Jun-2025 15:58:16.673 INFO [main] org.apache.catalina.core.StandardService.startInternal Arrancando servicio [Catalina]
09-Jun-2025 15:58:16.674 INFO [main] org.apache.catalina.core.StandardEngine.startInternal Starting Servlet engine: [Apache Tomcat/8.5.99]
09-Jun-2025 15:58:16.676 INFO [localhost-startStop-1] org.apache.catalina.startup.HostConfig.deployDirectory Desplegando el directorio [/Users/daniv/Desktop/DaniStore/apache-tomcat-8.5.99/webapps/docs] de la aplicación web
09-Jun-2025 15:58:16.875 INFO [localhost-startStop-1] org.apache.jasper.servlet.TldScanner.scanJars Al menos un JAR, que se ha explorado buscando TLDs, aún no contenía TLDs. Activar historial de depuración para este historiador para una completa lista de los JARs que fueron explorados y de los que nos se halló TLDs. Saltarse JARs no necesarios durante la exploración puede dar lugar a una mejora de tiempo significativa en el arranque y compilación de JSP .
09-Jun-2025 15:58:16.886 INFO [localhost-startStop-1] org.apache.catalina.startup.HostConfig.deployDirectory Deployment of web application directory [/Users/daniv/Desktop/DaniStore/apache-tomcat-8.5.99/webapps/docs] has finished in [209] ms
09-Jun-2025 15:58:16.886 INFO [localhost-startStop-1] org.apache.catalina.startup.HostConfig.deployDirectory Desplegando el directorio [/Users/daniv/Desktop/DaniStore/apache-tomcat-8.5.99/webapps/manager] de la aplicación web
09-Jun-2025 15:58:16.969 INFO [localhost-startStop-1] org.apache.jasper.servlet.TldScanner.scanJars Al menos un JAR, que se ha explorado buscando TLDs, aún no contenía TLDs. Activar historial de depuración para este historiador para una completa lista de los JARs que fueron explorados y de los que nos se halló TLDs. Saltarse JARs no necesarios durante la exploración puede dar lugar a una mejora de tiempo significativa en el arranque y compilación de JSP .
09-Jun-2025 15:58:16.972 INFO [localhost-startStop-1] org.apache.catalina.startup.HostConfig.deployDirectory Deployment of web application directory [/Users/daniv/Desktop/DaniStore/apache-tomcat-8.5.99/webapps/manager] has finished in [85] ms
09-Jun-2025 15:58:16.972 INFO [localhost-startStop-1] org.apache.catalina.startup.HostConfig.deployDirectory Desplegando el directorio [/Users/daniv/Desktop/DaniStore/apache-tomcat-8.5.99/webapps/examples] de la aplicación web
09-Jun-2025 15:58:17.100 INFO [localhost-startStop-1] org.apache.jasper.servlet.TldScanner.scanJars Al menos un JAR, que se ha explorado buscando TLDs, aún no contenía TLDs. Activar historial de depuración para este historiador para una completa lista de los JARs que fueron explorados y de los que nos se halló TLDs. Saltarse JARs no necesarios durante la exploración puede dar lugar a una mejora de tiempo significativa en el arranque y compilación de JSP .
09-Jun-2025 15:58:17.105 INFO [localhost-startStop-1] org.apache.catalina.startup.HostConfig.deployDirectory Deployment of web application directory [/Users/daniv/Desktop/DaniStore/apache-tomcat-8.5.99/webapps/examples] has finished in [133] ms
09-Jun-2025 15:58:17.105 INFO [localhost-startStop-1] org.apache.catalina.startup.HostConfig.deployDirectory Desplegando el directorio [/Users/daniv/Desktop/DaniStore/apache-tomcat-8.5.99/webapps/ROOT] de la aplicación web
09-Jun-2025 15:58:17.179 INFO [localhost-startStop-1] org.apache.jasper.servlet.TldScanner.scanJars Al menos un JAR, que se ha explorado buscando TLDs, aún no contenía TLDs. Activar historial de depuración para este historiador para una completa lista de los JARs que fueron explorados y de los que nos se halló TLDs. Saltarse JARs no necesarios durante la exploración puede dar lugar a una mejora de tiempo significativa en el arranque y compilación de JSP .
09-Jun-2025 15:58:17.179 INFO [localhost-startStop-1] org.apache.catalina.startup.HostConfig.deployDirectory Deployment of web application directory [/Users/daniv/Desktop/DaniStore/apache-tomcat-8.5.99/webapps/ROOT] has finished in [74] ms
09-Jun-2025 15:58:17.179 INFO [localhost-startStop-1] org.apache.catalina.startup.HostConfig.deployDirectory Desplegando el directorio [/Users/daniv/Desktop/DaniStore/apache-tomcat-8.5.99/webapps/host-manager] de la aplicación web
09-Jun-2025 15:58:17.251 INFO [localhost-startStop-1] org.apache.jasper.servlet.TldScanner.scanJars Al menos un JAR, que se ha explorado buscando TLDs, aún no contenía TLDs. Activar historial de depuración para este historiador para una completa lista de los JARs que fueron explorados y de los que nos se halló TLDs. Saltarse JARs no necesarios durante la exploración puede dar lugar a una mejora de tiempo significativa en el arranque y compilación de JSP .
09-Jun-2025 15:58:17.252 INFO [localhost-startStop-1] org.apache.catalina.startup.HostConfig.deployDirectory Deployment of web application directory [/Users/daniv/Desktop/DaniStore/apache-tomcat-8.5.99/webapps/host-manager] has finished in [73] ms
09-Jun-2025 15:58:17.253 INFO [main] org.apache.coyote.AbstractProtocol.start Starting ProtocolHandler ["http-nio-8080"]
09-Jun-2025 15:58:17.258 INFO [main] org.apache.catalina.startup.Catalina.start Server startup in 595 ms
09-Jun-2025 15:58:37.267 INFO [localhost-startStop-2] org.apache.catalina.startup.HostConfig.deployWAR Despliegue del archivo [/Users/daniv/Desktop/DaniStore/apache-tomcat-8.5.99/webapps/Servicio.war] de la aplicación web
09-Jun-2025 15:58:37.380 WARNING [localhost-startStop-2] org.apache.tomcat.dbcp.dbcp2.BasicDataSourceFactory.getObjectInstance Name = datasource_Servicio Property maxActive is not used in DBCP2, use maxTotal instead. maxTotal default value is 8. You have set value of "100" for "maxActive" property, which is being ignored.
09-Jun-2025 15:58:37.380 WARNING [localhost-startStop-2] org.apache.tomcat.dbcp.dbcp2.BasicDataSourceFactory.getObjectInstance Name = datasource_Servicio Property maxWait is not used in DBCP2 , use maxWaitMillis instead. maxWaitMillis default value is -1. You have set value of "10000" for "maxWait" property, which is being ignored.
09-Jun-2025 15:58:37.384 INFO [localhost-startStop-2] org.apache.jasper.servlet.TldScanner.scanJars Al menos un JAR, que se ha explorado buscando TLDs, aún no contenía TLDs. Activar historial de depuración para este historiador para una completa lista de los JARs que fueron explorados y de los que nos se halló TLDs. Saltarse JARs no necesarios durante la exploración puede dar lugar a una mejora de tiempo significativa en el arranque y compilación de JSP .
09-Jun-2025 15:58:37.386 INFO [localhost-startStop-2] org.apache.catalina.startup.HostConfig.deployWAR Deployment of web application archive [/Users/daniv/Desktop/DaniStore/apache-tomcat-8.5.99/webapps/Servicio.war] has finished in [119] ms
09-Jun-2025 16:02:36.508 INFO [main] org.apache.catalina.core.StandardServer.await Se ha recibido un comando de apagado a través del puerto de apagado. Parando la instancia del Servidor.
09-Jun-2025 16:02:36.509 INFO [main] org.apache.coyote.AbstractProtocol.pause Pausing ProtocolHandler ["http-nio-8080"]
09-Jun-2025 16:02:36.511 INFO [main] org.apache.catalina.core.StandardService.stopInternal Parando servicio [Catalina]
09-Jun-2025 16:02:36.521 INFO [main] org.apache.coyote.AbstractProtocol.stop Stopping ProtocolHandler ["http-nio-8080"]
09-Jun-2025 16:02:36.524 INFO [main] org.apache.coyote.AbstractProtocol.destroy Destroying ProtocolHandler ["http-nio-8080"]
09-Jun-2025 17:02:40.222 INFORMACIÓN [main] org.apache.catalina.startup.VersionLoggerListener.log Nombre de la versión del servidor: Apache Tomcat/8.5.99
09-Jun-2025 17:02:40.227 INFORMACIÓN [main] org.apache.catalina.startup.VersionLoggerListener.log Server built:                      Feb 14 2024 22:52:13 UTC
09-Jun-2025 17:02:40.227 INFORMACIÓN [main] org.apache.catalina.startup.VersionLoggerListener.log Número de versión de servidor:     8.5.99.0
09-Jun-2025 17:02:40.227 INFORMACIÓN [main] org.apache.catalina.startup.VersionLoggerListener.log OS Name:                           Mac OS X
09-Jun-2025 17:02:40.227 INFORMACIÓN [main] org.apache.catalina.startup.VersionLoggerListener.log Versión de Systema Operativo:      10.16
09-Jun-2025 17:02:40.227 INFORMACIÓN [main] org.apache.catalina.startup.VersionLoggerListener.log Arquitectura:                      x86_64
09-Jun-2025 17:02:40.227 INFORMACIÓN [main] org.apache.catalina.startup.VersionLoggerListener.log Java Home:                         /Library/Java/JavaVirtualMachines/adoptopenjdk-8.jdk/Contents/Home/jre
09-Jun-2025 17:02:40.227 INFORMACIÓN [main] org.apache.catalina.startup.VersionLoggerListener.log JVM Version:                       1.8.0_292-b10
09-Jun-2025 17:02:40.227 INFORMACIÓN [main] org.apache.catalina.startup.VersionLoggerListener.log Vededor JVM:                       AdoptOpenJDK
09-Jun-2025 17:02:40.227 INFORMACIÓN [main] org.apache.catalina.startup.VersionLoggerListener.log CATALINA_BASE:                     /Users/daniv/Desktop/DaniStore/apache-tomcat-8.5.99
09-Jun-2025 17:02:40.227 INFORMACIÓN [main] org.apache.catalina.startup.VersionLoggerListener.log CATALINA_HOME:                     /Users/daniv/Desktop/DaniStore/apache-tomcat-8.5.99
09-Jun-2025 17:02:40.228 INFORMACIÓN [main] org.apache.catalina.startup.VersionLoggerListener.log Command line argument:             -Djava.util.logging.config.file=/Users/daniv/Desktop/DaniStore/apache-tomcat-8.5.99/conf/logging.properties
09-Jun-2025 17:02:40.229 INFORMACIÓN [main] org.apache.catalina.startup.VersionLoggerListener.log Command line argument:             -Djava.util.logging.manager=org.apache.juli.ClassLoaderLogManager
09-Jun-2025 17:02:40.229 INFORMACIÓN [main] org.apache.catalina.startup.VersionLoggerListener.log Command line argument:             -Djdk.tls.ephemeralDHKeySize=2048
09-Jun-2025 17:02:40.229 INFORMACIÓN [main] org.apache.catalina.startup.VersionLoggerListener.log Command line argument:             -Djava.protocol.handler.pkgs=org.apache.catalina.webresources
09-Jun-2025 17:02:40.230 INFORMACIÓN [main] org.apache.catalina.startup.VersionLoggerListener.log Command line argument:             -Dorg.apache.catalina.security.SecurityListener.UMASK=0027
09-Jun-2025 17:02:40.230 INFORMACIÓN [main] org.apache.catalina.startup.VersionLoggerListener.log Command line argument:             -Dignore.endorsed.dirs=
09-Jun-2025 17:02:40.230 INFORMACIÓN [main] org.apache.catalina.startup.VersionLoggerListener.log Command line argument:             -Dcatalina.base=/Users/daniv/Desktop/DaniStore/apache-tomcat-8.5.99
09-Jun-2025 17:02:40.230 INFORMACIÓN [main] org.apache.catalina.startup.VersionLoggerListener.log Command line argument:             -Dcatalina.home=/Users/daniv/Desktop/DaniStore/apache-tomcat-8.5.99
09-Jun-2025 17:02:40.230 INFORMACIÓN [main] org.apache.catalina.startup.VersionLoggerListener.log Command line argument:             -Djava.io.tmpdir=/Users/daniv/Desktop/DaniStore/apache-tomcat-8.5.99/temp
09-Jun-2025 17:02:40.230 INFORMACIÓN [main] org.apache.catalina.core.AprLifecycleListener.lifecycleEvent La biblioteca nativa de Apache Tomcat basada en ARP que permite un rendimiento óptimo en entornos de desarrollo no ha sido hallada en java.library.path: [/Users/daniv/Library/Java/Extensions:/Library/Java/Extensions:/Network/Library/Java/Extensions:/System/Library/Java/Extensions:/usr/lib/java:.]
09-Jun-2025 17:02:40.399 INFORMACIÓN [main] org.apache.coyote.AbstractProtocol.init Inicializando el manejador de protocolo ["http-nio-8080"]

09-Jun-2025 17:02:40.430 INFORMACIÓN [main] org.apache.catalina.startup.Catalina.load Initialization processed in 665 ms
09-Jun-2025 17:02:40.479 INFORMACIÓN [main] org.apache.catalina.core.StandardService.startInternal Arrancando servicio [Catalina]
09-Jun-2025 17:02:40.479 INFORMACIÓN [main] org.apache.catalina.core.StandardEngine.startInternal Starting Servlet engine: [Apache Tomcat/8.5.99]
09-Jun-2025 17:02:40.498 INFORMACIÓN [localhost-startStop-1] org.apache.catalina.startup.HostConfig.deployWAR Despliegue del archivo [/Users/daniv/Desktop/DaniStore/apache-tomcat-8.5.99/webapps/Servicio.war] de la aplicación web
09-Jun-2025 17:02:40.964 ADVERTENCIA [localhost-startStop-1] org.apache.tomcat.dbcp.dbcp2.BasicDataSourceFactory.getObjectInstance Name = datasource_Servicio Property maxActive is not used in DBCP2, use maxTotal instead. maxTotal default value is 8. You have set value of "100" for "maxActive" property, which is being ignored.
09-Jun-2025 17:02:40.964 ADVERTENCIA [localhost-startStop-1] org.apache.tomcat.dbcp.dbcp2.BasicDataSourceFactory.getObjectInstance Name = datasource_Servicio Property maxWait is not used in DBCP2 , use maxWaitMillis instead. maxWaitMillis default value is -1. You have set value of "10000" for "maxWait" property, which is being ignored.
09-Jun-2025 17:02:41.009 INFORMACIÓN [localhost-startStop-1] org.apache.jasper.servlet.TldScanner.scanJars Al menos un JAR, que se ha explorado buscando TLDs, aún no contenía TLDs. Activar historial de depuración para este historiador para una completa lista de los JARs que fueron explorados y de los que nos se halló TLDs. Saltarse JARs no necesarios durante la exploración puede dar lugar a una mejora de tiempo significativa en el arranque y compilación de JSP .
09-Jun-2025 17:02:41.056 INFORMACIÓN [localhost-startStop-1] org.apache.catalina.startup.HostConfig.deployWAR Deployment of web application archive [/Users/daniv/Desktop/DaniStore/apache-tomcat-8.5.99/webapps/Servicio.war] has finished in [555] ms
09-Jun-2025 17:02:41.057 INFORMACIÓN [localhost-startStop-1] org.apache.catalina.startup.HostConfig.deployDirectory Desplegando el directorio [/Users/daniv/Desktop/DaniStore/apache-tomcat-8.5.99/webapps/docs] de la aplicación web
09-Jun-2025 17:02:41.236 INFORMACIÓN [localhost-startStop-1] org.apache.jasper.servlet.TldScanner.scanJars Al menos un JAR, que se ha explorado buscando TLDs, aún no contenía TLDs. Activar historial de depuración para este historiador para una completa lista de los JARs que fueron explorados y de los que nos se halló TLDs. Saltarse JARs no necesarios durante la exploración puede dar lugar a una mejora de tiempo significativa en el arranque y compilación de JSP .
09-Jun-2025 17:02:41.241 INFORMACIÓN [localhost-startStop-1] org.apache.catalina.startup.HostConfig.deployDirectory Deployment of web application directory [/Users/daniv/Desktop/DaniStore/apache-tomcat-8.5.99/webapps/docs] has finished in [184] ms
09-Jun-2025 17:02:41.241 INFORMACIÓN [localhost-startStop-1] org.apache.catalina.startup.HostConfig.deployDirectory Desplegando el directorio [/Users/daniv/Desktop/DaniStore/apache-tomcat-8.5.99/webapps/manager] de la aplicación web
09-Jun-2025 17:02:41.384 INFORMACIÓN [localhost-startStop-1] org.apache.jasper.servlet.TldScanner.scanJars Al menos un JAR, que se ha explorado buscando TLDs, aún no contenía TLDs. Activar historial de depuración para este historiador para una completa lista de los JARs que fueron explorados y de los que nos se halló TLDs. Saltarse JARs no necesarios durante la exploración puede dar lugar a una mejora de tiempo significativa en el arranque y compilación de JSP .
09-Jun-2025 17:02:41.391 INFORMACIÓN [localhost-startStop-1] org.apache.catalina.startup.HostConfig.deployDirectory Deployment of web application directory [/Users/daniv/Desktop/DaniStore/apache-tomcat-8.5.99/webapps/manager] has finished in [150] ms
09-Jun-2025 17:02:41.392 INFORMACIÓN [localhost-startStop-1] org.apache.catalina.startup.HostConfig.deployDirectory Desplegando el directorio [/Users/daniv/Desktop/DaniStore/apache-tomcat-8.5.99/webapps/examples] de la aplicación web
09-Jun-2025 17:02:41.778 INFORMACIÓN [localhost-startStop-1] org.apache.jasper.servlet.TldScanner.scanJars Al menos un JAR, que se ha explorado buscando TLDs, aún no contenía TLDs. Activar historial de depuración para este historiador para una completa lista de los JARs que fueron explorados y de los que nos se halló TLDs. Saltarse JARs no necesarios durante la exploración puede dar lugar a una mejora de tiempo significativa en el arranque y compilación de JSP .
09-Jun-2025 17:02:41.792 INFORMACIÓN [localhost-startStop-1] org.apache.catalina.startup.HostConfig.deployDirectory Deployment of web application directory [/Users/daniv/Desktop/DaniStore/apache-tomcat-8.5.99/webapps/examples] has finished in [400] ms
09-Jun-2025 17:02:41.792 INFORMACIÓN [localhost-startStop-1] org.apache.catalina.startup.HostConfig.deployDirectory Desplegando el directorio [/Users/daniv/Desktop/DaniStore/apache-tomcat-8.5.99/webapps/ROOT] de la aplicación web
09-Jun-2025 17:02:41.907 INFORMACIÓN [localhost-startStop-1] org.apache.jasper.servlet.TldScanner.scanJars Al menos un JAR, que se ha explorado buscando TLDs, aún no contenía TLDs. Activar historial de depuración para este historiador para una completa lista de los JARs que fueron explorados y de los que nos se halló TLDs. Saltarse JARs no necesarios durante la exploración puede dar lugar a una mejora de tiempo significativa en el arranque y compilación de JSP .
09-Jun-2025 17:02:41.910 INFORMACIÓN [localhost-startStop-1] org.apache.catalina.startup.HostConfig.deployDirectory Deployment of web application directory [/Users/daniv/Desktop/DaniStore/apache-tomcat-8.5.99/webapps/ROOT] has finished in [118] ms
09-Jun-2025 17:02:41.910 INFORMACIÓN [localhost-startStop-1] org.apache.catalina.startup.HostConfig.deployDirectory Desplegando el directorio [/Users/daniv/Desktop/DaniStore/apache-tomcat-8.5.99/webapps/host-manager] de la aplicación web
09-Jun-2025 17:02:42.003 INFORMACIÓN [localhost-startStop-1] org.apache.jasper.servlet.TldScanner.scanJars Al menos un JAR, que se ha explorado buscando TLDs, aún no contenía TLDs. Activar historial de depuración para este historiador para una completa lista de los JARs que fueron explorados y de los que nos se halló TLDs. Saltarse JARs no necesarios durante la exploración puede dar lugar a una mejora de tiempo significativa en el arranque y compilación de JSP .
09-Jun-2025 17:02:42.004 INFORMACIÓN [localhost-startStop-1] org.apache.catalina.startup.HostConfig.deployDirectory Deployment of web application directory [/Users/daniv/Desktop/DaniStore/apache-tomcat-8.5.99/webapps/host-manager] has finished in [94] ms
09-Jun-2025 17:02:42.048 INFORMACIÓN [main] org.apache.coyote.AbstractProtocol.start Starting ProtocolHandler ["http-nio-8080"]
09-Jun-2025 17:02:42.064 INFORMACIÓN [main] org.apache.catalina.startup.Catalina.start Server startup in 1633 ms
09-Jun-2025 17:02:52.055 INFORMACIÓN [ContainerBackgroundProcessor[StandardEngine[Catalina]]] org.apache.catalina.startup.HostConfig.undeploy Repliegue (undeploy) de la aplicación web que tiene como trayectoria de contexto [/Servicio]
09-Jun-2025 17:02:52.108 INFORMACIÓN [localhost-startStop-2] org.apache.catalina.startup.HostConfig.deployWAR Despliegue del archivo [/Users/daniv/Desktop/DaniStore/apache-tomcat-8.5.99/webapps/Servicio.war] de la aplicación web
09-Jun-2025 17:02:52.270 INFORMACIÓN [localhost-startStop-2] org.apache.jasper.servlet.TldScanner.scanJars Al menos un JAR, que se ha explorado buscando TLDs, aún no contenía TLDs. Activar historial de depuración para este historiador para una completa lista de los JARs que fueron explorados y de los que nos se halló TLDs. Saltarse JARs no necesarios durante la exploración puede dar lugar a una mejora de tiempo significativa en el arranque y compilación de JSP .
09-Jun-2025 17:02:52.276 INFORMACIÓN [localhost-startStop-2] org.apache.catalina.startup.HostConfig.deployWAR Deployment of web application archive [/Users/daniv/Desktop/DaniStore/apache-tomcat-8.5.99/webapps/Servicio.war] has finished in [168] ms
09-Jun-2025 18:56:38.608 INFORMACIÓN [Thread-2] org.apache.coyote.AbstractProtocol.pause Pausing ProtocolHandler ["http-nio-8080"]
09-Jun-2025 18:56:38.701 INFORMACIÓN [Thread-2] org.apache.catalina.core.StandardService.stopInternal Parando servicio [Catalina]
09-Jun-2025 18:56:39.058 INFORMACIÓN [Thread-2] org.apache.coyote.AbstractProtocol.stop Stopping ProtocolHandler ["http-nio-8080"]
09-Jun-2025 18:56:39.127 INFORMACIÓN [Thread-2] org.apache.coyote.AbstractProtocol.destroy Destroying ProtocolHandler ["http-nio-8080"]
